<?xml version="1.0" encoding="UTF-8"?>
<testng-results skipped="0" failed="0" ignored="0" total="1" passed="1">
  <reporter-output>
  </reporter-output>
  <suite name="Suite" duration-ms="555724" started-at="2020-05-14T03:24:32Z" finished-at="2020-05-14T03:33:48Z">
    <groups>
      <group name="cucumber">
        <method signature="AbstractTestNGCucumberTests.feature(cucumber.api.testng.CucumberFeatureWrapper)[pri:0, instance:runner.TestRunner@5d624da6]" name="feature" class="cucumber.api.testng.AbstractTestNGCucumberTests"/>
      </group> <!-- cucumber -->
    </groups>
    <test name="Test" duration-ms="555724" started-at="2020-05-14T03:24:32Z" finished-at="2020-05-14T03:33:48Z">
      <class name="runner.TestRunner">
        <test-method status="PASS" signature="setUpClass()[pri:0, instance:runner.TestRunner@5d624da6]" name="setUpClass" is-config="true" duration-ms="934" started-at="2020-05-14T03:24:32Z" finished-at="2020-05-14T03:24:33Z">
          <reporter-output>
          </reporter-output>
        </test-method> <!-- setUpClass -->
        <test-method status="PASS" signature="feature(cucumber.api.testng.CucumberFeatureWrapper)[pri:0, instance:runner.TestRunner@5d624da6]" name="feature" duration-ms="543925" started-at="2020-05-14T03:24:33Z" description="Runs Cucumber Feature" data-provider="features" finished-at="2020-05-14T03:33:37Z">
          <params>
            <param index="0">
              <value>
                <![CDATA[Registering Demo Automation Form]]>
              </value>
            </param>
          </params>
          <reporter-output>
          </reporter-output>
        </test-method> <!-- feature -->
        <test-method status="PASS" signature="tearDownClass()[pri:0, instance:runner.TestRunner@5d624da6]" name="tearDownClass" is-config="true" duration-ms="8322" started-at="2020-05-14T03:33:39Z" finished-at="2020-05-14T03:33:48Z">
          <reporter-output>
          </reporter-output>
        </test-method> <!-- tearDownClass -->
      </class> <!-- runner.TestRunner -->
    </test> <!-- Test -->
  </suite> <!-- Suite -->
</testng-results>
