<?xml version="1.0" encoding="UTF-8"?>
<testng-results skipped="0" failed="0" total="1" passed="1">
  <reporter-output>
  </reporter-output>
  <suite name="Suite" duration-ms="102166" started-at="2020-05-12T04:43:44Z" finished-at="2020-05-12T04:45:26Z">
    <groups>
      <group name="cucumber">
        <method signature="AbstractTestNGCucumberTests.feature(cucumber.api.testng.CucumberFeatureWrapper)[pri:0, instance:runner.TestRunner@3532ec19]" name="feature" class="cucumber.api.testng.AbstractTestNGCucumberTests"/>
      </group> <!-- cucumber -->
    </groups>
    <test name="Test" duration-ms="102166" started-at="2020-05-12T04:43:44Z" finished-at="2020-05-12T04:45:26Z">
      <class name="runner.TestRunner">
        <test-method status="PASS" signature="setUpClass()[pri:0, instance:runner.TestRunner@3532ec19]" name="setUpClass" is-config="true" duration-ms="391" started-at="2020-05-12T00:43:44Z" finished-at="2020-05-12T00:43:44Z">
          <reporter-output>
          </reporter-output>
        </test-method> <!-- setUpClass -->
        <test-method status="PASS" signature="feature(cucumber.api.testng.CucumberFeatureWrapper)[pri:0, instance:runner.TestRunner@3532ec19]" name="feature" duration-ms="100621" started-at="2020-05-12T00:43:44Z" description="Runs Cucumber Feature" data-provider="features" finished-at="2020-05-12T00:45:25Z">
          <params>
            <param index="0">
              <value>
                <![CDATA[Registering Demo Automation Form]]>
              </value>
            </param>
          </params>
          <reporter-output>
          </reporter-output>
        </test-method> <!-- feature -->
        <test-method status="PASS" signature="tearDownClass()[pri:0, instance:runner.TestRunner@3532ec19]" name="tearDownClass" is-config="true" duration-ms="955" started-at="2020-05-12T00:45:25Z" finished-at="2020-05-12T00:45:26Z">
          <reporter-output>
          </reporter-output>
        </test-method> <!-- tearDownClass -->
      </class> <!-- runner.TestRunner -->
    </test> <!-- Test -->
  </suite> <!-- Suite -->
</testng-results>
